<?xml version="1.0" encoding="UTF-8"?>
<!-- Generated by org.testng.reporters.JUnitReportReporter -->
<testsuite skipped="0" hostname="DESKTOP-THSF5B8" name="com.mvn.demo.NewTest" tests="2" failures="0" timestamp="15 Mar 2020 05:27:51 GMT" time="1.233" errors="0">
  <testcase name="f" time="1.218" classname="com.mvn.demo.NewTest"/>
  <testcase name="test2" time="0.015" classname="com.mvn.demo.NewTest"/>
</testsuite> <!-- com.mvn.demo.NewTest -->
