<?xml version="1.0" encoding="UTF-8"?>
<!-- Generated by org.testng.reporters.JUnitReportReporter -->
<testsuite skipped="0" hostname="DESKTOP-THSF5B8" name="com.mvndemo.t6.AppTest" tests="1" failures="0" timestamp="15 Mar 2020 07:11:44 GMT" time="0.001" errors="0">
  <testcase name="testApp" time="0.001" classname="com.mvndemo.t6.AppTest"/>
</testsuite> <!-- com.mvndemo.t6.AppTest -->
