<?xml version="1.0" encoding="UTF-8"?>
<!-- Generated by org.testng.reporters.JUnitReportReporter -->
<testsuite skipped="0" hostname="DESKTOP-THSF5B8" name="com.mvn.demo.NewTest" tests="2" failures="0" timestamp="15 Mar 2020 20:46:10 GMT" time="1.024" errors="0">
  <testcase name="TestLogin" time="1.004" classname="com.mvn.demo.NewTest"/>
  <testcase name="TestGettitle" time="0.020" classname="com.mvn.demo.NewTest"/>
</testsuite> <!-- com.mvn.demo.NewTest -->
